<?xml version="1.0" encoding="UTF-8"?>
<!-- Generated by org.testng.reporters.JUnitReportReporter -->
<testsuite hostname="DESKTOP-KJ2AQ4I" failures="0" tests="2" name="Casestudy.testng" time="24.980" errors="0" timestamp="28 Oct 2022 09:51:24 GMT">
  <testcase classname="Casestudy.testng" name="Testcase1" time="18.559"/>
  <testcase classname="Casestudy.testng" name="Testcase3" time="6.421"/>
</testsuite> <!-- Casestudy.testng -->
